03:55:05 [INFO] Fetching full-market snapshot...
03:55:06 [INFO] Snapshot loaded: 11741 tickers | 0 candidates (>=10% gap).
03:55:06 [INFO] Gapper classification complete: 0 tickers marked as gappers.
03:55:06 [INFO] Connecting to Massive WebSocket (T.*)...
03:55:06 [INFO] Scanner v2 running. Press Ctrl+C to stop.
03:55:37 [DEBUG] Saved 11741 tickers to scanner_v2\logs\scanner_data.json
03:56:07 [DEBUG] Saved 11741 tickers to scanner_v2\logs\scanner_data.json
03:56:37 [DEBUG] Saved 11741 tickers to scanner_v2\logs\scanner_data.json
03:57:08 [DEBUG] Saved 11741 tickers to scanner_v2\logs\scanner_data.json
03:57:38 [DEBUG] Saved 11741 tickers to scanner_v2\logs\scanner_data.json
03:58:09 [DEBUG] Saved 11741 tickers to scanner_v2\logs\scanner_data.json
03:58:39 [DEBUG] Saved 11741 tickers to scanner_v2\logs\scanner_data.json
03:59:09 [DEBUG] Saved 11741 tickers to scanner_v2\logs\scanner_data.json
03:59:40 [DEBUG] Saved 11741 tickers to scanner_v2\logs\scanner_data.json
04:00:10 [DEBUG] Saved 11747 tickers to scanner_v2\logs\scanner_data.json
04:00:40 [DEBUG] Saved 11748 tickers to scanner_v2\logs\scanner_data.json
04:01:11 [DEBUG] Saved 11749 tickers to scanner_v2\logs\scanner_data.json
04:01:41 [DEBUG] Saved 11749 tickers to scanner_v2\logs\scanner_data.json
04:02:12 [DEBUG] Saved 11750 tickers to scanner_v2\logs\scanner_data.json
04:02:42 [DEBUG] Saved 11750 tickers to scanner_v2\logs\scanner_data.json
04:03:12 [DEBUG] Saved 11750 tickers to scanner_v2\logs\scanner_data.json
04:03:43 [DEBUG] Saved 11750 tickers to scanner_v2\logs\scanner_data.json
04:04:13 [DEBUG] Saved 11750 tickers to scanner_v2\logs\scanner_data.json
04:04:44 [DEBUG] Saved 11750 tickers to scanner_v2\logs\scanner_data.json
04:05:14 [DEBUG] Saved 11752 tickers to scanner_v2\logs\scanner_data.json
04:05:44 [DEBUG] Saved 11752 tickers to scanner_v2\logs\scanner_data.json
04:06:15 [DEBUG] Saved 11752 tickers to scanner_v2\logs\scanner_data.json
04:06:45 [DEBUG] Saved 11752 tickers to scanner_v2\logs\scanner_data.json
04:07:16 [DEBUG] Saved 11752 tickers to scanner_v2\logs\scanner_data.json
04:07:46 [DEBUG] Saved 11752 tickers to scanner_v2\logs\scanner_data.json
04:08:16 [DEBUG] Saved 11752 tickers to scanner_v2\logs\scanner_data.json
04:08:47 [DEBUG] Saved 11752 tickers to scanner_v2\logs\scanner_data.json
04:09:17 [DEBUG] Saved 11753 tickers to scanner_v2\logs\scanner_data.json
04:09:47 [DEBUG] Saved 11753 tickers to scanner_v2\logs\scanner_data.json
04:10:18 [DEBUG] Saved 11753 tickers to scanner_v2\logs\scanner_data.json
04:10:48 [DEBUG] Saved 11754 tickers to scanner_v2\logs\scanner_data.json
04:11:19 [DEBUG] Saved 11754 tickers to scanner_v2\logs\scanner_data.json
04:11:49 [DEBUG] Saved 11755 tickers to scanner_v2\logs\scanner_data.json
04:12:19 [DEBUG] Saved 11755 tickers to scanner_v2\logs\scanner_data.json
04:12:50 [DEBUG] Saved 11755 tickers to scanner_v2\logs\scanner_data.json
04:13:20 [DEBUG] Saved 11755 tickers to scanner_v2\logs\scanner_data.json
04:13:50 [DEBUG] Saved 11755 tickers to scanner_v2\logs\scanner_data.json
04:14:21 [DEBUG] Saved 11755 tickers to scanner_v2\logs\scanner_data.json
04:14:51 [DEBUG] Saved 11755 tickers to scanner_v2\logs\scanner_data.json
04:15:21 [DEBUG] Saved 11756 tickers to scanner_v2\logs\scanner_data.json
04:15:52 [DEBUG] Saved 11756 tickers to scanner_v2\logs\scanner_data.json
04:16:22 [DEBUG] Saved 11756 tickers to scanner_v2\logs\scanner_data.json
04:16:53 [DEBUG] Saved 11757 tickers to scanner_v2\logs\scanner_data.json
04:17:23 [DEBUG] Saved 11757 tickers to scanner_v2\logs\scanner_data.json
04:17:53 [DEBUG] Saved 11757 tickers to scanner_v2\logs\scanner_data.json
04:18:24 [DEBUG] Saved 11757 tickers to scanner_v2\logs\scanner_data.json
04:18:54 [DEBUG] Saved 11758 tickers to scanner_v2\logs\scanner_data.json
04:19:25 [DEBUG] Saved 11758 tickers to scanner_v2\logs\scanner_data.json
04:19:55 [DEBUG] Saved 11758 tickers to scanner_v2\logs\scanner_data.json
04:20:25 [DEBUG] Saved 11758 tickers to scanner_v2\logs\scanner_data.json
04:20:56 [DEBUG] Saved 11758 tickers to scanner_v2\logs\scanner_data.json
04:21:26 [DEBUG] Saved 11758 tickers to scanner_v2\logs\scanner_data.json
04:21:56 [DEBUG] Saved 11758 tickers to scanner_v2\logs\scanner_data.json
04:22:27 [DEBUG] Saved 11758 tickers to scanner_v2\logs\scanner_data.json
04:22:57 [DEBUG] Saved 11759 tickers to scanner_v2\logs\scanner_data.json
04:23:28 [DEBUG] Saved 11759 tickers to scanner_v2\logs\scanner_data.json
04:23:58 [DEBUG] Saved 11759 tickers to scanner_v2\logs\scanner_data.json
04:24:28 [DEBUG] Saved 11759 tickers to scanner_v2\logs\scanner_data.json
04:24:59 [DEBUG] Saved 11759 tickers to scanner_v2\logs\scanner_data.json
04:25:29 [DEBUG] Saved 11759 tickers to scanner_v2\logs\scanner_data.json
04:25:59 [DEBUG] Saved 11759 tickers to scanner_v2\logs\scanner_data.json
04:26:30 [DEBUG] Saved 11759 tickers to scanner_v2\logs\scanner_data.json
04:27:00 [DEBUG] Saved 11759 tickers to scanner_v2\logs\scanner_data.json
04:27:30 [DEBUG] Saved 11759 tickers to scanner_v2\logs\scanner_data.json
04:28:01 [DEBUG] Saved 11759 tickers to scanner_v2\logs\scanner_data.json
04:28:31 [DEBUG] Saved 11759 tickers to scanner_v2\logs\scanner_data.json
04:29:02 [DEBUG] Saved 11759 tickers to scanner_v2\logs\scanner_data.json
04:29:32 [DEBUG] Saved 11760 tickers to scanner_v2\logs\scanner_data.json
04:30:02 [DEBUG] Saved 11761 tickers to scanner_v2\logs\scanner_data.json
04:30:33 [DEBUG] Saved 11761 tickers to scanner_v2\logs\scanner_data.json
04:31:03 [DEBUG] Saved 11761 tickers to scanner_v2\logs\scanner_data.json
04:31:33 [DEBUG] Saved 11761 tickers to scanner_v2\logs\scanner_data.json
04:32:04 [DEBUG] Saved 11761 tickers to scanner_v2\logs\scanner_data.json
04:32:34 [DEBUG] Saved 11761 tickers to scanner_v2\logs\scanner_data.json
04:33:05 [DEBUG] Saved 11761 tickers to scanner_v2\logs\scanner_data.json
04:33:35 [DEBUG] Saved 11761 tickers to scanner_v2\logs\scanner_data.json
04:34:05 [DEBUG] Saved 11762 tickers to scanner_v2\logs\scanner_data.json
04:34:36 [DEBUG] Saved 11762 tickers to scanner_v2\logs\scanner_data.json
04:35:06 [DEBUG] Saved 11762 tickers to scanner_v2\logs\scanner_data.json
04:35:37 [DEBUG] Saved 11762 tickers to scanner_v2\logs\scanner_data.json
04:36:07 [DEBUG] Saved 11762 tickers to scanner_v2\logs\scanner_data.json
04:36:37 [DEBUG] Saved 11763 tickers to scanner_v2\logs\scanner_data.json
04:37:08 [DEBUG] Saved 11763 tickers to scanner_v2\logs\scanner_data.json
04:37:38 [DEBUG] Saved 11763 tickers to scanner_v2\logs\scanner_data.json
04:38:08 [DEBUG] Saved 11763 tickers to scanner_v2\logs\scanner_data.json
04:38:39 [DEBUG] Saved 11763 tickers to scanner_v2\logs\scanner_data.json
04:39:09 [DEBUG] Saved 11763 tickers to scanner_v2\logs\scanner_data.json
04:39:40 [DEBUG] Saved 11763 tickers to scanner_v2\logs\scanner_data.json
04:40:10 [DEBUG] Saved 11763 tickers to scanner_v2\logs\scanner_data.json
04:40:40 [DEBUG] Saved 11763 tickers to scanner_v2\logs\scanner_data.json
04:41:11 [DEBUG] Saved 11763 tickers to scanner_v2\logs\scanner_data.json
04:41:41 [DEBUG] Saved 11763 tickers to scanner_v2\logs\scanner_data.json
04:42:11 [DEBUG] Saved 11763 tickers to scanner_v2\logs\scanner_data.json
04:42:42 [DEBUG] Saved 11763 tickers to scanner_v2\logs\scanner_data.json
04:43:12 [DEBUG] Saved 11763 tickers to scanner_v2\logs\scanner_data.json
04:43:43 [DEBUG] Saved 11763 tickers to scanner_v2\logs\scanner_data.json
04:44:13 [DEBUG] Saved 11763 tickers to scanner_v2\logs\scanner_data.json
04:44:43 [DEBUG] Saved 11763 tickers to scanner_v2\logs\scanner_data.json
04:45:14 [DEBUG] Saved 11763 tickers to scanner_v2\logs\scanner_data.json
04:45:44 [DEBUG] Saved 11763 tickers to scanner_v2\logs\scanner_data.json
04:46:14 [DEBUG] Saved 11763 tickers to scanner_v2\logs\scanner_data.json
04:46:45 [DEBUG] Saved 11763 tickers to scanner_v2\logs\scanner_data.json
04:47:15 [DEBUG] Saved 11763 tickers to scanner_v2\logs\scanner_data.json
04:47:46 [DEBUG] Saved 11763 tickers to scanner_v2\logs\scanner_data.json
04:48:16 [DEBUG] Saved 11763 tickers to scanner_v2\logs\scanner_data.json
04:48:46 [DEBUG] Saved 11764 tickers to scanner_v2\logs\scanner_data.json
04:49:17 [DEBUG] Saved 11765 tickers to scanner_v2\logs\scanner_data.json
04:49:47 [DEBUG] Saved 11765 tickers to scanner_v2\logs\scanner_data.json
04:50:17 [DEBUG] Saved 11765 tickers to scanner_v2\logs\scanner_data.json
04:50:48 [DEBUG] Saved 11765 tickers to scanner_v2\logs\scanner_data.json
04:51:18 [DEBUG] Saved 11766 tickers to scanner_v2\logs\scanner_data.json
04:51:48 [DEBUG] Saved 11766 tickers to scanner_v2\logs\scanner_data.json
04:52:19 [DEBUG] Saved 11766 tickers to scanner_v2\logs\scanner_data.json
04:52:49 [DEBUG] Saved 11766 tickers to scanner_v2\logs\scanner_data.json
04:53:20 [DEBUG] Saved 11766 tickers to scanner_v2\logs\scanner_data.json
04:53:50 [DEBUG] Saved 11766 tickers to scanner_v2\logs\scanner_data.json
04:54:20 [DEBUG] Saved 11766 tickers to scanner_v2\logs\scanner_data.json
04:54:51 [DEBUG] Saved 11766 tickers to scanner_v2\logs\scanner_data.json
04:55:21 [DEBUG] Saved 11766 tickers to scanner_v2\logs\scanner_data.json
04:55:51 [DEBUG] Saved 11766 tickers to scanner_v2\logs\scanner_data.json
04:56:22 [DEBUG] Saved 11766 tickers to scanner_v2\logs\scanner_data.json
04:56:52 [DEBUG] Saved 11766 tickers to scanner_v2\logs\scanner_data.json
04:57:23 [DEBUG] Saved 11766 tickers to scanner_v2\logs\scanner_data.json
04:57:53 [DEBUG] Saved 11766 tickers to scanner_v2\logs\scanner_data.json
04:58:23 [DEBUG] Saved 11766 tickers to scanner_v2\logs\scanner_data.json
04:58:54 [DEBUG] Saved 11766 tickers to scanner_v2\logs\scanner_data.json
04:59:24 [DEBUG] Saved 11766 tickers to scanner_v2\logs\scanner_data.json
04:59:54 [DEBUG] Saved 11766 tickers to scanner_v2\logs\scanner_data.json
05:00:25 [DEBUG] Saved 11767 tickers to scanner_v2\logs\scanner_data.json
05:00:55 [DEBUG] Saved 11767 tickers to scanner_v2\logs\scanner_data.json
05:01:26 [DEBUG] Saved 11767 tickers to scanner_v2\logs\scanner_data.json
05:01:56 [DEBUG] Saved 11767 tickers to scanner_v2\logs\scanner_data.json
05:02:26 [DEBUG] Saved 11767 tickers to scanner_v2\logs\scanner_data.json
05:02:57 [DEBUG] Saved 11767 tickers to scanner_v2\logs\scanner_data.json
05:03:27 [DEBUG] Saved 11767 tickers to scanner_v2\logs\scanner_data.json
05:03:57 [DEBUG] Saved 11767 tickers to scanner_v2\logs\scanner_data.json
05:04:28 [DEBUG] Saved 11767 tickers to scanner_v2\logs\scanner_data.json
05:04:58 [DEBUG] Saved 11767 tickers to scanner_v2\logs\scanner_data.json
05:05:29 [DEBUG] Saved 11767 tickers to scanner_v2\logs\scanner_data.json
05:05:59 [DEBUG] Saved 11767 tickers to scanner_v2\logs\scanner_data.json
05:06:29 [DEBUG] Saved 11767 tickers to scanner_v2\logs\scanner_data.json
05:07:00 [DEBUG] Saved 11767 tickers to scanner_v2\logs\scanner_data.json
05:07:30 [DEBUG] Saved 11767 tickers to scanner_v2\logs\scanner_data.json
05:08:00 [DEBUG] Saved 11767 tickers to scanner_v2\logs\scanner_data.json
05:08:31 [DEBUG] Saved 11767 tickers to scanner_v2\logs\scanner_data.json
05:09:01 [DEBUG] Saved 11767 tickers to scanner_v2\logs\scanner_data.json
05:09:32 [DEBUG] Saved 11767 tickers to scanner_v2\logs\scanner_data.json
05:10:02 [DEBUG] Saved 11767 tickers to scanner_v2\logs\scanner_data.json
05:10:32 [DEBUG] Saved 11767 tickers to scanner_v2\logs\scanner_data.json
05:11:03 [DEBUG] Saved 11767 tickers to scanner_v2\logs\scanner_data.json
05:11:33 [DEBUG] Saved 11767 tickers to scanner_v2\logs\scanner_data.json
05:12:03 [DEBUG] Saved 11767 tickers to scanner_v2\logs\scanner_data.json
05:12:34 [DEBUG] Saved 11767 tickers to scanner_v2\logs\scanner_data.json
05:13:04 [DEBUG] Saved 11767 tickers to scanner_v2\logs\scanner_data.json
05:13:35 [DEBUG] Saved 11767 tickers to scanner_v2\logs\scanner_data.json
05:14:05 [DEBUG] Saved 11767 tickers to scanner_v2\logs\scanner_data.json
05:14:35 [DEBUG] Saved 11767 tickers to scanner_v2\logs\scanner_data.json
05:15:06 [DEBUG] Saved 11767 tickers to scanner_v2\logs\scanner_data.json
05:15:36 [DEBUG] Saved 11767 tickers to scanner_v2\logs\scanner_data.json
05:16:06 [DEBUG] Saved 11767 tickers to scanner_v2\logs\scanner_data.json
05:16:37 [DEBUG] Saved 11767 tickers to scanner_v2\logs\scanner_data.json
05:17:07 [DEBUG] Saved 11767 tickers to scanner_v2\logs\scanner_data.json
05:17:38 [DEBUG] Saved 11767 tickers to scanner_v2\logs\scanner_data.json
05:18:08 [DEBUG] Saved 11767 tickers to scanner_v2\logs\scanner_data.json
05:18:38 [DEBUG] Saved 11768 tickers to scanner_v2\logs\scanner_data.json
05:19:09 [DEBUG] Saved 11768 tickers to scanner_v2\logs\scanner_data.json
05:19:39 [DEBUG] Saved 11768 tickers to scanner_v2\logs\scanner_data.json
05:20:09 [DEBUG] Saved 11768 tickers to scanner_v2\logs\scanner_data.json
05:20:40 [DEBUG] Saved 11768 tickers to scanner_v2\logs\scanner_data.json
05:21:10 [DEBUG] Saved 11768 tickers to scanner_v2\logs\scanner_data.json
05:21:41 [DEBUG] Saved 11768 tickers to scanner_v2\logs\scanner_data.json
05:22:11 [DEBUG] Saved 11768 tickers to scanner_v2\logs\scanner_data.json
05:22:41 [DEBUG] Saved 11768 tickers to scanner_v2\logs\scanner_data.json
05:23:12 [DEBUG] Saved 11768 tickers to scanner_v2\logs\scanner_data.json
05:23:42 [DEBUG] Saved 11768 tickers to scanner_v2\logs\scanner_data.json
05:24:12 [DEBUG] Saved 11768 tickers to scanner_v2\logs\scanner_data.json
05:24:43 [DEBUG] Saved 11768 tickers to scanner_v2\logs\scanner_data.json
05:25:13 [DEBUG] Saved 11768 tickers to scanner_v2\logs\scanner_data.json
05:25:43 [DEBUG] Saved 11768 tickers to scanner_v2\logs\scanner_data.json
05:26:14 [DEBUG] Saved 11768 tickers to scanner_v2\logs\scanner_data.json
05:26:44 [DEBUG] Saved 11768 tickers to scanner_v2\logs\scanner_data.json
05:27:15 [DEBUG] Saved 11768 tickers to scanner_v2\logs\scanner_data.json
05:27:45 [DEBUG] Saved 11768 tickers to scanner_v2\logs\scanner_data.json
05:28:15 [DEBUG] Saved 11768 tickers to scanner_v2\logs\scanner_data.json
05:28:46 [DEBUG] Saved 11768 tickers to scanner_v2\logs\scanner_data.json
05:29:16 [DEBUG] Saved 11768 tickers to scanner_v2\logs\scanner_data.json
05:29:47 [DEBUG] Saved 11768 tickers to scanner_v2\logs\scanner_data.json
05:30:17 [DEBUG] Saved 11768 tickers to scanner_v2\logs\scanner_data.json
05:30:47 [DEBUG] Saved 11768 tickers to scanner_v2\logs\scanner_data.json
05:31:18 [DEBUG] Saved 11768 tickers to scanner_v2\logs\scanner_data.json
05:31:48 [DEBUG] Saved 11768 tickers to scanner_v2\logs\scanner_data.json
05:32:18 [DEBUG] Saved 11768 tickers to scanner_v2\logs\scanner_data.json
05:32:49 [DEBUG] Saved 11768 tickers to scanner_v2\logs\scanner_data.json
05:33:19 [DEBUG] Saved 11768 tickers to scanner_v2\logs\scanner_data.json
05:33:50 [DEBUG] Saved 11768 tickers to scanner_v2\logs\scanner_data.json
05:34:20 [DEBUG] Saved 11768 tickers to scanner_v2\logs\scanner_data.json
05:34:50 [DEBUG] Saved 11768 tickers to scanner_v2\logs\scanner_data.json
05:35:21 [DEBUG] Saved 11769 tickers to scanner_v2\logs\scanner_data.json
05:35:51 [DEBUG] Saved 11769 tickers to scanner_v2\logs\scanner_data.json
05:36:21 [DEBUG] Saved 11769 tickers to scanner_v2\logs\scanner_data.json
05:36:52 [DEBUG] Saved 11769 tickers to scanner_v2\logs\scanner_data.json
05:37:22 [DEBUG] Saved 11769 tickers to scanner_v2\logs\scanner_data.json
05:37:52 [DEBUG] Saved 11769 tickers to scanner_v2\logs\scanner_data.json
05:38:23 [DEBUG] Saved 11769 tickers to scanner_v2\logs\scanner_data.json
05:38:53 [DEBUG] Saved 11769 tickers to scanner_v2\logs\scanner_data.json
05:39:24 [DEBUG] Saved 11769 tickers to scanner_v2\logs\scanner_data.json
05:39:54 [DEBUG] Saved 11769 tickers to scanner_v2\logs\scanner_data.json
05:40:24 [DEBUG] Saved 11769 tickers to scanner_v2\logs\scanner_data.json
05:40:55 [DEBUG] Saved 11769 tickers to scanner_v2\logs\scanner_data.json
05:41:25 [DEBUG] Saved 11769 tickers to scanner_v2\logs\scanner_data.json
05:41:55 [DEBUG] Saved 11769 tickers to scanner_v2\logs\scanner_data.json
05:42:26 [DEBUG] Saved 11769 tickers to scanner_v2\logs\scanner_data.json
05:42:56 [DEBUG] Saved 11769 tickers to scanner_v2\logs\scanner_data.json
05:43:27 [DEBUG] Saved 11770 tickers to scanner_v2\logs\scanner_data.json
05:43:57 [DEBUG] Saved 11770 tickers to scanner_v2\logs\scanner_data.json
05:44:27 [DEBUG] Saved 11770 tickers to scanner_v2\logs\scanner_data.json
05:44:58 [DEBUG] Saved 11770 tickers to scanner_v2\logs\scanner_data.json
05:45:28 [DEBUG] Saved 11770 tickers to scanner_v2\logs\scanner_data.json
05:45:58 [DEBUG] Saved 11770 tickers to scanner_v2\logs\scanner_data.json
05:46:29 [DEBUG] Saved 11770 tickers to scanner_v2\logs\scanner_data.json
05:46:59 [DEBUG] Saved 11770 tickers to scanner_v2\logs\scanner_data.json
05:47:29 [DEBUG] Saved 11770 tickers to scanner_v2\logs\scanner_data.json
05:48:00 [DEBUG] Saved 11770 tickers to scanner_v2\logs\scanner_data.json
05:48:30 [DEBUG] Saved 11770 tickers to scanner_v2\logs\scanner_data.json
05:49:01 [DEBUG] Saved 11770 tickers to scanner_v2\logs\scanner_data.json
05:49:31 [DEBUG] Saved 11770 tickers to scanner_v2\logs\scanner_data.json
05:50:01 [DEBUG] Saved 11770 tickers to scanner_v2\logs\scanner_data.json
05:50:32 [DEBUG] Saved 11770 tickers to scanner_v2\logs\scanner_data.json
05:51:02 [DEBUG] Saved 11770 tickers to scanner_v2\logs\scanner_data.json
05:51:32 [DEBUG] Saved 11770 tickers to scanner_v2\logs\scanner_data.json
05:52:03 [DEBUG] Saved 11770 tickers to scanner_v2\logs\scanner_data.json
05:52:33 [DEBUG] Saved 11770 tickers to scanner_v2\logs\scanner_data.json
05:53:04 [DEBUG] Saved 11770 tickers to scanner_v2\logs\scanner_data.json
05:53:34 [DEBUG] Saved 11770 tickers to scanner_v2\logs\scanner_data.json
05:54:04 [DEBUG] Saved 11770 tickers to scanner_v2\logs\scanner_data.json
05:54:35 [DEBUG] Saved 11770 tickers to scanner_v2\logs\scanner_data.json
05:55:05 [DEBUG] Saved 11770 tickers to scanner_v2\logs\scanner_data.json
05:55:35 [DEBUG] Saved 11770 tickers to scanner_v2\logs\scanner_data.json
05:56:06 [DEBUG] Saved 11770 tickers to scanner_v2\logs\scanner_data.json
05:56:36 [DEBUG] Saved 11770 tickers to scanner_v2\logs\scanner_data.json
05:57:07 [DEBUG] Saved 11770 tickers to scanner_v2\logs\scanner_data.json
05:57:37 [DEBUG] Saved 11770 tickers to scanner_v2\logs\scanner_data.json
05:58:07 [DEBUG] Saved 11770 tickers to scanner_v2\logs\scanner_data.json
05:58:38 [DEBUG] Saved 11770 tickers to scanner_v2\logs\scanner_data.json
05:59:08 [DEBUG] Saved 11770 tickers to scanner_v2\logs\scanner_data.json
05:59:38 [DEBUG] Saved 11770 tickers to scanner_v2\logs\scanner_data.json
06:00:09 [DEBUG] Saved 11770 tickers to scanner_v2\logs\scanner_data.json
06:00:39 [DEBUG] Saved 11770 tickers to scanner_v2\logs\scanner_data.json
06:01:10 [DEBUG] Saved 11770 tickers to scanner_v2\logs\scanner_data.json
06:01:40 [DEBUG] Saved 11770 tickers to scanner_v2\logs\scanner_data.json
06:02:10 [DEBUG] Saved 11770 tickers to scanner_v2\logs\scanner_data.json
06:02:41 [DEBUG] Saved 11770 tickers to scanner_v2\logs\scanner_data.json
06:03:11 [DEBUG] Saved 11770 tickers to scanner_v2\logs\scanner_data.json
06:03:41 [DEBUG] Saved 11770 tickers to scanner_v2\logs\scanner_data.json
06:04:12 [DEBUG] Saved 11770 tickers to scanner_v2\logs\scanner_data.json
06:04:42 [DEBUG] Saved 11771 tickers to scanner_v2\logs\scanner_data.json
06:05:13 [DEBUG] Saved 11771 tickers to scanner_v2\logs\scanner_data.json
06:05:43 [DEBUG] Saved 11771 tickers to scanner_v2\logs\scanner_data.json
06:06:13 [DEBUG] Saved 11771 tickers to scanner_v2\logs\scanner_data.json
06:06:44 [DEBUG] Saved 11771 tickers to scanner_v2\logs\scanner_data.json
06:07:14 [DEBUG] Saved 11771 tickers to scanner_v2\logs\scanner_data.json
06:07:44 [DEBUG] Saved 11771 tickers to scanner_v2\logs\scanner_data.json
06:08:15 [DEBUG] Saved 11771 tickers to scanner_v2\logs\scanner_data.json
06:08:45 [DEBUG] Saved 11771 tickers to scanner_v2\logs\scanner_data.json
06:09:16 [DEBUG] Saved 11771 tickers to scanner_v2\logs\scanner_data.json
06:09:46 [DEBUG] Saved 11771 tickers to scanner_v2\logs\scanner_data.json
06:10:16 [DEBUG] Saved 11771 tickers to scanner_v2\logs\scanner_data.json
06:10:47 [DEBUG] Saved 11771 tickers to scanner_v2\logs\scanner_data.json
06:11:17 [DEBUG] Saved 11771 tickers to scanner_v2\logs\scanner_data.json
06:11:48 [DEBUG] Saved 11771 tickers to scanner_v2\logs\scanner_data.json
06:12:18 [DEBUG] Saved 11771 tickers to scanner_v2\logs\scanner_data.json
06:12:48 [DEBUG] Saved 11771 tickers to scanner_v2\logs\scanner_data.json
06:13:19 [DEBUG] Saved 11771 tickers to scanner_v2\logs\scanner_data.json
06:13:49 [DEBUG] Saved 11771 tickers to scanner_v2\logs\scanner_data.json
06:14:19 [DEBUG] Saved 11771 tickers to scanner_v2\logs\scanner_data.json
06:14:50 [DEBUG] Saved 11771 tickers to scanner_v2\logs\scanner_data.json
06:15:20 [DEBUG] Saved 11771 tickers to scanner_v2\logs\scanner_data.json
06:15:50 [DEBUG] Saved 11771 tickers to scanner_v2\logs\scanner_data.json
06:16:21 [DEBUG] Saved 11771 tickers to scanner_v2\logs\scanner_data.json
06:16:51 [DEBUG] Saved 11771 tickers to scanner_v2\logs\scanner_data.json
06:17:22 [DEBUG] Saved 11771 tickers to scanner_v2\logs\scanner_data.json
06:17:52 [DEBUG] Saved 11771 tickers to scanner_v2\logs\scanner_data.json
06:18:22 [DEBUG] Saved 11771 tickers to scanner_v2\logs\scanner_data.json
06:18:53 [DEBUG] Saved 11771 tickers to scanner_v2\logs\scanner_data.json
06:19:23 [DEBUG] Saved 11771 tickers to scanner_v2\logs\scanner_data.json
06:19:53 [DEBUG] Saved 11771 tickers to scanner_v2\logs\scanner_data.json
06:20:24 [DEBUG] Saved 11771 tickers to scanner_v2\logs\scanner_data.json
06:20:54 [DEBUG] Saved 11771 tickers to scanner_v2\logs\scanner_data.json
06:21:25 [DEBUG] Saved 11771 tickers to scanner_v2\logs\scanner_data.json
06:21:55 [DEBUG] Saved 11771 tickers to scanner_v2\logs\scanner_data.json
06:22:25 [DEBUG] Saved 11771 tickers to scanner_v2\logs\scanner_data.json
06:22:56 [DEBUG] Saved 11771 tickers to scanner_v2\logs\scanner_data.json
06:23:26 [DEBUG] Saved 11771 tickers to scanner_v2\logs\scanner_data.json
06:23:56 [DEBUG] Saved 11771 tickers to scanner_v2\logs\scanner_data.json
06:24:27 [DEBUG] Saved 11771 tickers to scanner_v2\logs\scanner_data.json
06:24:57 [DEBUG] Saved 11771 tickers to scanner_v2\logs\scanner_data.json
06:25:27 [DEBUG] Saved 11771 tickers to scanner_v2\logs\scanner_data.json
06:25:58 [DEBUG] Saved 11771 tickers to scanner_v2\logs\scanner_data.json
06:26:28 [DEBUG] Saved 11771 tickers to scanner_v2\logs\scanner_data.json
06:26:58 [DEBUG] Saved 11771 tickers to scanner_v2\logs\scanner_data.json
06:27:29 [DEBUG] Saved 11771 tickers to scanner_v2\logs\scanner_data.json
06:27:59 [DEBUG] Saved 11771 tickers to scanner_v2\logs\scanner_data.json
06:28:30 [DEBUG] Saved 11772 tickers to scanner_v2\logs\scanner_data.json
06:29:00 [DEBUG] Saved 11772 tickers to scanner_v2\logs\scanner_data.json
06:29:30 [DEBUG] Saved 11772 tickers to scanner_v2\logs\scanner_data.json
06:30:01 [DEBUG] Saved 11772 tickers to scanner_v2\logs\scanner_data.json
06:30:31 [DEBUG] Saved 11772 tickers to scanner_v2\logs\scanner_data.json
06:31:01 [DEBUG] Saved 11772 tickers to scanner_v2\logs\scanner_data.json
06:31:32 [DEBUG] Saved 11772 tickers to scanner_v2\logs\scanner_data.json
06:32:02 [DEBUG] Saved 11772 tickers to scanner_v2\logs\scanner_data.json
06:32:32 [DEBUG] Saved 11772 tickers to scanner_v2\logs\scanner_data.json
06:33:03 [DEBUG] Saved 11772 tickers to scanner_v2\logs\scanner_data.json
06:33:33 [DEBUG] Saved 11772 tickers to scanner_v2\logs\scanner_data.json
06:34:04 [DEBUG] Saved 11772 tickers to scanner_v2\logs\scanner_data.json
06:34:34 [DEBUG] Saved 11772 tickers to scanner_v2\logs\scanner_data.json
06:35:04 [DEBUG] Saved 11772 tickers to scanner_v2\logs\scanner_data.json
06:35:35 [DEBUG] Saved 11772 tickers to scanner_v2\logs\scanner_data.json
06:36:05 [DEBUG] Saved 11772 tickers to scanner_v2\logs\scanner_data.json
06:36:35 [DEBUG] Saved 11772 tickers to scanner_v2\logs\scanner_data.json
06:37:06 [DEBUG] Saved 11772 tickers to scanner_v2\logs\scanner_data.json
06:37:36 [DEBUG] Saved 11772 tickers to scanner_v2\logs\scanner_data.json
06:38:07 [DEBUG] Saved 11772 tickers to scanner_v2\logs\scanner_data.json
06:38:37 [DEBUG] Saved 11772 tickers to scanner_v2\logs\scanner_data.json
06:39:07 [DEBUG] Saved 11772 tickers to scanner_v2\logs\scanner_data.json
06:39:38 [DEBUG] Saved 11772 tickers to scanner_v2\logs\scanner_data.json
06:40:08 [DEBUG] Saved 11772 tickers to scanner_v2\logs\scanner_data.json
06:40:38 [DEBUG] Saved 11772 tickers to scanner_v2\logs\scanner_data.json
06:41:09 [DEBUG] Saved 11772 tickers to scanner_v2\logs\scanner_data.json
06:41:39 [DEBUG] Saved 11772 tickers to scanner_v2\logs\scanner_data.json
06:42:10 [DEBUG] Saved 11772 tickers to scanner_v2\logs\scanner_data.json
06:42:40 [DEBUG] Saved 11772 tickers to scanner_v2\logs\scanner_data.json
06:43:10 [DEBUG] Saved 11772 tickers to scanner_v2\logs\scanner_data.json
06:43:41 [DEBUG] Saved 11772 tickers to scanner_v2\logs\scanner_data.json
06:44:11 [DEBUG] Saved 11772 tickers to scanner_v2\logs\scanner_data.json
06:44:41 [DEBUG] Saved 11772 tickers to scanner_v2\logs\scanner_data.json
06:45:12 [DEBUG] Saved 11772 tickers to scanner_v2\logs\scanner_data.json
06:45:42 [DEBUG] Saved 11772 tickers to scanner_v2\logs\scanner_data.json
06:46:13 [DEBUG] Saved 11772 tickers to scanner_v2\logs\scanner_data.json
06:46:43 [DEBUG] Saved 11772 tickers to scanner_v2\logs\scanner_data.json
06:47:13 [DEBUG] Saved 11772 tickers to scanner_v2\logs\scanner_data.json
06:47:44 [DEBUG] Saved 11772 tickers to scanner_v2\logs\scanner_data.json
06:48:14 [DEBUG] Saved 11772 tickers to scanner_v2\logs\scanner_data.json
06:48:44 [DEBUG] Saved 11773 tickers to scanner_v2\logs\scanner_data.json
06:49:15 [DEBUG] Saved 11773 tickers to scanner_v2\logs\scanner_data.json
06:49:45 [DEBUG] Saved 11773 tickers to scanner_v2\logs\scanner_data.json
06:50:15 [DEBUG] Saved 11773 tickers to scanner_v2\logs\scanner_data.json
06:50:46 [DEBUG] Saved 11773 tickers to scanner_v2\logs\scanner_data.json
06:51:16 [DEBUG] Saved 11773 tickers to scanner_v2\logs\scanner_data.json
06:51:46 [DEBUG] Saved 11773 tickers to scanner_v2\logs\scanner_data.json
06:52:17 [DEBUG] Saved 11773 tickers to scanner_v2\logs\scanner_data.json
06:52:47 [DEBUG] Saved 11773 tickers to scanner_v2\logs\scanner_data.json
06:53:18 [DEBUG] Saved 11773 tickers to scanner_v2\logs\scanner_data.json
06:53:48 [DEBUG] Saved 11773 tickers to scanner_v2\logs\scanner_data.json
06:54:18 [DEBUG] Saved 11773 tickers to scanner_v2\logs\scanner_data.json
06:54:49 [DEBUG] Saved 11773 tickers to scanner_v2\logs\scanner_data.json
06:55:19 [DEBUG] Saved 11773 tickers to scanner_v2\logs\scanner_data.json
06:55:49 [DEBUG] Saved 11773 tickers to scanner_v2\logs\scanner_data.json
06:56:20 [DEBUG] Saved 11773 tickers to scanner_v2\logs\scanner_data.json
06:56:50 [DEBUG] Saved 11773 tickers to scanner_v2\logs\scanner_data.json
06:57:20 [DEBUG] Saved 11773 tickers to scanner_v2\logs\scanner_data.json
06:57:51 [DEBUG] Saved 11773 tickers to scanner_v2\logs\scanner_data.json
06:58:21 [DEBUG] Saved 11773 tickers to scanner_v2\logs\scanner_data.json
06:58:52 [DEBUG] Saved 11773 tickers to scanner_v2\logs\scanner_data.json
06:59:22 [DEBUG] Saved 11773 tickers to scanner_v2\logs\scanner_data.json
06:59:52 [DEBUG] Saved 11773 tickers to scanner_v2\logs\scanner_data.json
07:00:23 [DEBUG] Saved 11774 tickers to scanner_v2\logs\scanner_data.json
07:00:53 [DEBUG] Saved 11775 tickers to scanner_v2\logs\scanner_data.json
07:01:23 [DEBUG] Saved 11775 tickers to scanner_v2\logs\scanner_data.json
07:01:54 [DEBUG] Saved 11775 tickers to scanner_v2\logs\scanner_data.json
07:02:24 [DEBUG] Saved 11777 tickers to scanner_v2\logs\scanner_data.json
07:02:55 [DEBUG] Saved 11777 tickers to scanner_v2\logs\scanner_data.json
07:03:25 [DEBUG] Saved 11777 tickers to scanner_v2\logs\scanner_data.json
07:03:55 [DEBUG] Saved 11777 tickers to scanner_v2\logs\scanner_data.json
07:04:26 [DEBUG] Saved 11777 tickers to scanner_v2\logs\scanner_data.json
07:04:56 [DEBUG] Saved 11777 tickers to scanner_v2\logs\scanner_data.json
07:05:26 [DEBUG] Saved 11777 tickers to scanner_v2\logs\scanner_data.json
07:05:57 [DEBUG] Saved 11777 tickers to scanner_v2\logs\scanner_data.json
07:06:27 [DEBUG] Saved 11777 tickers to scanner_v2\logs\scanner_data.json
07:06:58 [DEBUG] Saved 11777 tickers to scanner_v2\logs\scanner_data.json
07:07:28 [DEBUG] Saved 11777 tickers to scanner_v2\logs\scanner_data.json
07:07:58 [DEBUG] Saved 11777 tickers to scanner_v2\logs\scanner_data.json
07:08:29 [DEBUG] Saved 11777 tickers to scanner_v2\logs\scanner_data.json
07:08:59 [DEBUG] Saved 11777 tickers to scanner_v2\logs\scanner_data.json
07:09:30 [DEBUG] Saved 11777 tickers to scanner_v2\logs\scanner_data.json
07:10:00 [DEBUG] Saved 11777 tickers to scanner_v2\logs\scanner_data.json
07:10:30 [DEBUG] Saved 11777 tickers to scanner_v2\logs\scanner_data.json
07:11:01 [DEBUG] Saved 11777 tickers to scanner_v2\logs\scanner_data.json
07:11:31 [DEBUG] Saved 11777 tickers to scanner_v2\logs\scanner_data.json
07:12:01 [DEBUG] Saved 11777 tickers to scanner_v2\logs\scanner_data.json
07:12:32 [DEBUG] Saved 11777 tickers to scanner_v2\logs\scanner_data.json
07:13:02 [DEBUG] Saved 11777 tickers to scanner_v2\logs\scanner_data.json
07:13:33 [DEBUG] Saved 11777 tickers to scanner_v2\logs\scanner_data.json
07:14:03 [DEBUG] Saved 11777 tickers to scanner_v2\logs\scanner_data.json
07:14:33 [DEBUG] Saved 11777 tickers to scanner_v2\logs\scanner_data.json
07:15:04 [DEBUG] Saved 11777 tickers to scanner_v2\logs\scanner_data.json
07:15:34 [DEBUG] Saved 11777 tickers to scanner_v2\logs\scanner_data.json
07:16:04 [DEBUG] Saved 11778 tickers to scanner_v2\logs\scanner_data.json
07:16:35 [DEBUG] Saved 11778 tickers to scanner_v2\logs\scanner_data.json
07:17:05 [DEBUG] Saved 11778 tickers to scanner_v2\logs\scanner_data.json
07:17:36 [DEBUG] Saved 11778 tickers to scanner_v2\logs\scanner_data.json
07:18:06 [DEBUG] Saved 11778 tickers to scanner_v2\logs\scanner_data.json
07:18:36 [DEBUG] Saved 11778 tickers to scanner_v2\logs\scanner_data.json
07:19:07 [DEBUG] Saved 11778 tickers to scanner_v2\logs\scanner_data.json
07:19:37 [DEBUG] Saved 11778 tickers to scanner_v2\logs\scanner_data.json
07:20:08 [DEBUG] Saved 11778 tickers to scanner_v2\logs\scanner_data.json
07:20:38 [DEBUG] Saved 11778 tickers to scanner_v2\logs\scanner_data.json
07:21:08 [DEBUG] Saved 11778 tickers to scanner_v2\logs\scanner_data.json
07:21:39 [DEBUG] Saved 11778 tickers to scanner_v2\logs\scanner_data.json
07:22:09 [DEBUG] Saved 11778 tickers to scanner_v2\logs\scanner_data.json
07:22:39 [DEBUG] Saved 11778 tickers to scanner_v2\logs\scanner_data.json
07:23:10 [DEBUG] Saved 11778 tickers to scanner_v2\logs\scanner_data.json
07:23:40 [DEBUG] Saved 11778 tickers to scanner_v2\logs\scanner_data.json
07:24:11 [DEBUG] Saved 11778 tickers to scanner_v2\logs\scanner_data.json
07:24:41 [DEBUG] Saved 11778 tickers to scanner_v2\logs\scanner_data.json
07:25:11 [DEBUG] Saved 11778 tickers to scanner_v2\logs\scanner_data.json
07:25:42 [DEBUG] Saved 11778 tickers to scanner_v2\logs\scanner_data.json
07:26:12 [DEBUG] Saved 11778 tickers to scanner_v2\logs\scanner_data.json
07:26:42 [DEBUG] Saved 11778 tickers to scanner_v2\logs\scanner_data.json
07:27:13 [DEBUG] Saved 11778 tickers to scanner_v2\logs\scanner_data.json
07:27:43 [DEBUG] Saved 11778 tickers to scanner_v2\logs\scanner_data.json
07:28:14 [DEBUG] Saved 11778 tickers to scanner_v2\logs\scanner_data.json
07:28:44 [DEBUG] Saved 11778 tickers to scanner_v2\logs\scanner_data.json
07:29:14 [DEBUG] Saved 11778 tickers to scanner_v2\logs\scanner_data.json
07:29:45 [DEBUG] Saved 11778 tickers to scanner_v2\logs\scanner_data.json
07:30:15 [DEBUG] Saved 11778 tickers to scanner_v2\logs\scanner_data.json
07:30:46 [DEBUG] Saved 11778 tickers to scanner_v2\logs\scanner_data.json
07:31:16 [DEBUG] Saved 11778 tickers to scanner_v2\logs\scanner_data.json
07:31:46 [DEBUG] Saved 11778 tickers to scanner_v2\logs\scanner_data.json
07:32:17 [DEBUG] Saved 11778 tickers to scanner_v2\logs\scanner_data.json
07:32:47 [DEBUG] Saved 11778 tickers to scanner_v2\logs\scanner_data.json
07:33:18 [DEBUG] Saved 11778 tickers to scanner_v2\logs\scanner_data.json
07:33:48 [DEBUG] Saved 11778 tickers to scanner_v2\logs\scanner_data.json
07:34:18 [DEBUG] Saved 11778 tickers to scanner_v2\logs\scanner_data.json
07:34:49 [DEBUG] Saved 11778 tickers to scanner_v2\logs\scanner_data.json
07:35:19 [DEBUG] Saved 11778 tickers to scanner_v2\logs\scanner_data.json
07:35:50 [DEBUG] Saved 11778 tickers to scanner_v2\logs\scanner_data.json
07:36:20 [DEBUG] Saved 11778 tickers to scanner_v2\logs\scanner_data.json
07:36:50 [DEBUG] Saved 11778 tickers to scanner_v2\logs\scanner_data.json
07:37:21 [DEBUG] Saved 11778 tickers to scanner_v2\logs\scanner_data.json
07:37:51 [DEBUG] Saved 11779 tickers to scanner_v2\logs\scanner_data.json
07:38:21 [DEBUG] Saved 11779 tickers to scanner_v2\logs\scanner_data.json
07:38:52 [DEBUG] Saved 11779 tickers to scanner_v2\logs\scanner_data.json
07:39:22 [DEBUG] Saved 11779 tickers to scanner_v2\logs\scanner_data.json
07:39:53 [DEBUG] Saved 11779 tickers to scanner_v2\logs\scanner_data.json
07:40:23 [DEBUG] Saved 11779 tickers to scanner_v2\logs\scanner_data.json
07:40:53 [DEBUG] Saved 11779 tickers to scanner_v2\logs\scanner_data.json
07:41:24 [DEBUG] Saved 11779 tickers to scanner_v2\logs\scanner_data.json
07:41:54 [DEBUG] Saved 11779 tickers to scanner_v2\logs\scanner_data.json
07:42:25 [DEBUG] Saved 11779 tickers to scanner_v2\logs\scanner_data.json
07:42:55 [DEBUG] Saved 11779 tickers to scanner_v2\logs\scanner_data.json
07:43:25 [DEBUG] Saved 11779 tickers to scanner_v2\logs\scanner_data.json
07:43:56 [DEBUG] Saved 11779 tickers to scanner_v2\logs\scanner_data.json
07:44:26 [DEBUG] Saved 11779 tickers to scanner_v2\logs\scanner_data.json
07:44:56 [DEBUG] Saved 11779 tickers to scanner_v2\logs\scanner_data.json
07:45:27 [DEBUG] Saved 11779 tickers to scanner_v2\logs\scanner_data.json
07:45:57 [DEBUG] Saved 11780 tickers to scanner_v2\logs\scanner_data.json
07:46:28 [DEBUG] Saved 11780 tickers to scanner_v2\logs\scanner_data.json
07:46:58 [DEBUG] Saved 11780 tickers to scanner_v2\logs\scanner_data.json
07:47:28 [DEBUG] Saved 11780 tickers to scanner_v2\logs\scanner_data.json
07:47:59 [DEBUG] Saved 11780 tickers to scanner_v2\logs\scanner_data.json
07:48:29 [DEBUG] Saved 11780 tickers to scanner_v2\logs\scanner_data.json
07:49:00 [DEBUG] Saved 11780 tickers to scanner_v2\logs\scanner_data.json
07:49:30 [DEBUG] Saved 11780 tickers to scanner_v2\logs\scanner_data.json
07:50:00 [DEBUG] Saved 11780 tickers to scanner_v2\logs\scanner_data.json
07:50:31 [DEBUG] Saved 11780 tickers to scanner_v2\logs\scanner_data.json
07:51:01 [DEBUG] Saved 11780 tickers to scanner_v2\logs\scanner_data.json
07:51:32 [DEBUG] Saved 11780 tickers to scanner_v2\logs\scanner_data.json
07:52:02 [DEBUG] Saved 11780 tickers to scanner_v2\logs\scanner_data.json
07:52:32 [DEBUG] Saved 11780 tickers to scanner_v2\logs\scanner_data.json
07:53:03 [DEBUG] Saved 11780 tickers to scanner_v2\logs\scanner_data.json
07:53:33 [DEBUG] Saved 11780 tickers to scanner_v2\logs\scanner_data.json
07:54:04 [DEBUG] Saved 11781 tickers to scanner_v2\logs\scanner_data.json
07:54:34 [DEBUG] Saved 11781 tickers to scanner_v2\logs\scanner_data.json
07:55:04 [DEBUG] Saved 11781 tickers to scanner_v2\logs\scanner_data.json
07:55:35 [DEBUG] Saved 11781 tickers to scanner_v2\logs\scanner_data.json
07:56:05 [DEBUG] Saved 11781 tickers to scanner_v2\logs\scanner_data.json
07:56:35 [DEBUG] Saved 11781 tickers to scanner_v2\logs\scanner_data.json
07:57:06 [DEBUG] Saved 11781 tickers to scanner_v2\logs\scanner_data.json
07:57:36 [DEBUG] Saved 11781 tickers to scanner_v2\logs\scanner_data.json
07:58:07 [DEBUG] Saved 11781 tickers to scanner_v2\logs\scanner_data.json
07:58:37 [DEBUG] Saved 11781 tickers to scanner_v2\logs\scanner_data.json
07:59:07 [DEBUG] Saved 11782 tickers to scanner_v2\logs\scanner_data.json
07:59:38 [DEBUG] Saved 11782 tickers to scanner_v2\logs\scanner_data.json
08:00:08 [DEBUG] Saved 11821 tickers to scanner_v2\logs\scanner_data.json
08:00:39 [DEBUG] Saved 11827 tickers to scanner_v2\logs\scanner_data.json
08:01:09 [DEBUG] Saved 11831 tickers to scanner_v2\logs\scanner_data.json
08:01:40 [DEBUG] Saved 11835 tickers to scanner_v2\logs\scanner_data.json
08:02:10 [DEBUG] Saved 11836 tickers to scanner_v2\logs\scanner_data.json
08:02:41 [DEBUG] Saved 11837 tickers to scanner_v2\logs\scanner_data.json
08:03:11 [DEBUG] Saved 11839 tickers to scanner_v2\logs\scanner_data.json
08:03:41 [DEBUG] Saved 11841 tickers to scanner_v2\logs\scanner_data.json
08:04:12 [DEBUG] Saved 11842 tickers to scanner_v2\logs\scanner_data.json
08:04:42 [DEBUG] Saved 11842 tickers to scanner_v2\logs\scanner_data.json
08:05:13 [DEBUG] Saved 11873 tickers to scanner_v2\logs\scanner_data.json
08:05:43 [DEBUG] Saved 11873 tickers to scanner_v2\logs\scanner_data.json
08:06:14 [DEBUG] Saved 11874 tickers to scanner_v2\logs\scanner_data.json
08:06:44 [DEBUG] Saved 11874 tickers to scanner_v2\logs\scanner_data.json
08:07:14 [DEBUG] Saved 11877 tickers to scanner_v2\logs\scanner_data.json
08:07:45 [DEBUG] Saved 11878 tickers to scanner_v2\logs\scanner_data.json
08:08:15 [DEBUG] Saved 11878 tickers to scanner_v2\logs\scanner_data.json
08:08:46 [DEBUG] Saved 11881 tickers to scanner_v2\logs\scanner_data.json
08:09:16 [DEBUG] Saved 11882 tickers to scanner_v2\logs\scanner_data.json
08:09:46 [DEBUG] Saved 11883 tickers to scanner_v2\logs\scanner_data.json
08:10:17 [DEBUG] Saved 11883 tickers to scanner_v2\logs\scanner_data.json
08:10:47 [DEBUG] Saved 11883 tickers to scanner_v2\logs\scanner_data.json
08:11:18 [DEBUG] Saved 11883 tickers to scanner_v2\logs\scanner_data.json
08:11:48 [DEBUG] Saved 11883 tickers to scanner_v2\logs\scanner_data.json
08:12:18 [DEBUG] Saved 11883 tickers to scanner_v2\logs\scanner_data.json
08:12:49 [DEBUG] Saved 11883 tickers to scanner_v2\logs\scanner_data.json
08:13:19 [DEBUG] Saved 11883 tickers to scanner_v2\logs\scanner_data.json
08:13:50 [DEBUG] Saved 11884 tickers to scanner_v2\logs\scanner_data.json
08:14:20 [DEBUG] Saved 11886 tickers to scanner_v2\logs\scanner_data.json
08:14:50 [DEBUG] Saved 11888 tickers to scanner_v2\logs\scanner_data.json
08:15:21 [DEBUG] Saved 11889 tickers to scanner_v2\logs\scanner_data.json
08:15:51 [DEBUG] Saved 11891 tickers to scanner_v2\logs\scanner_data.json
08:16:22 [DEBUG] Saved 11892 tickers to scanner_v2\logs\scanner_data.json
08:16:52 [DEBUG] Saved 11894 tickers to scanner_v2\logs\scanner_data.json
08:17:22 [DEBUG] Saved 11894 tickers to scanner_v2\logs\scanner_data.json
08:17:53 [DEBUG] Saved 11896 tickers to scanner_v2\logs\scanner_data.json
08:18:23 [DEBUG] Saved 11897 tickers to scanner_v2\logs\scanner_data.json
08:18:54 [DEBUG] Saved 11898 tickers to scanner_v2\logs\scanner_data.json
08:19:24 [DEBUG] Saved 11899 tickers to scanner_v2\logs\scanner_data.json
08:19:54 [DEBUG] Saved 11899 tickers to scanner_v2\logs\scanner_data.json
08:20:25 [DEBUG] Saved 11900 tickers to scanner_v2\logs\scanner_data.json
08:20:55 [DEBUG] Saved 11900 tickers to scanner_v2\logs\scanner_data.json
08:21:26 [DEBUG] Saved 11904 tickers to scanner_v2\logs\scanner_data.json
08:21:56 [DEBUG] Saved 11905 tickers to scanner_v2\logs\scanner_data.json
08:22:26 [DEBUG] Saved 11906 tickers to scanner_v2\logs\scanner_data.json
08:22:57 [DEBUG] Saved 11908 tickers to scanner_v2\logs\scanner_data.json
08:23:27 [DEBUG] Saved 11908 tickers to scanner_v2\logs\scanner_data.json
08:23:58 [DEBUG] Saved 11909 tickers to scanner_v2\logs\scanner_data.json
08:24:28 [DEBUG] Saved 11909 tickers to scanner_v2\logs\scanner_data.json
08:24:58 [DEBUG] Saved 11909 tickers to scanner_v2\logs\scanner_data.json
08:25:29 [DEBUG] Saved 11909 tickers to scanner_v2\logs\scanner_data.json
08:25:59 [DEBUG] Saved 11909 tickers to scanner_v2\logs\scanner_data.json
08:26:30 [DEBUG] Saved 11910 tickers to scanner_v2\logs\scanner_data.json
08:27:00 [DEBUG] Saved 11912 tickers to scanner_v2\logs\scanner_data.json
08:27:30 [DEBUG] Saved 11915 tickers to scanner_v2\logs\scanner_data.json
08:28:01 [DEBUG] Saved 11915 tickers to scanner_v2\logs\scanner_data.json
08:28:31 [DEBUG] Saved 11915 tickers to scanner_v2\logs\scanner_data.json
08:29:02 [DEBUG] Saved 11916 tickers to scanner_v2\logs\scanner_data.json
08:29:32 [DEBUG] Saved 11916 tickers to scanner_v2\logs\scanner_data.json
08:30:02 [DEBUG] Saved 11916 tickers to scanner_v2\logs\scanner_data.json
08:30:33 [DEBUG] Saved 11917 tickers to scanner_v2\logs\scanner_data.json
08:31:03 [DEBUG] Saved 11917 tickers to scanner_v2\logs\scanner_data.json
08:31:34 [DEBUG] Saved 11918 tickers to scanner_v2\logs\scanner_data.json
08:32:04 [DEBUG] Saved 11920 tickers to scanner_v2\logs\scanner_data.json
08:32:35 [DEBUG] Saved 11921 tickers to scanner_v2\logs\scanner_data.json
08:33:05 [DEBUG] Saved 11921 tickers to scanner_v2\logs\scanner_data.json
08:33:36 [DEBUG] Saved 11921 tickers to scanner_v2\logs\scanner_data.json
08:34:06 [DEBUG] Saved 11923 tickers to scanner_v2\logs\scanner_data.json
08:34:36 [DEBUG] Saved 11926 tickers to scanner_v2\logs\scanner_data.json
08:35:07 [DEBUG] Saved 11926 tickers to scanner_v2\logs\scanner_data.json
08:35:37 [DEBUG] Saved 11929 tickers to scanner_v2\logs\scanner_data.json
08:36:08 [DEBUG] Saved 11929 tickers to scanner_v2\logs\scanner_data.json
08:36:38 [DEBUG] Saved 11929 tickers to scanner_v2\logs\scanner_data.json
08:37:08 [DEBUG] Saved 11930 tickers to scanner_v2\logs\scanner_data.json
08:37:39 [DEBUG] Saved 11931 tickers to scanner_v2\logs\scanner_data.json
08:38:09 [DEBUG] Saved 11931 tickers to scanner_v2\logs\scanner_data.json
08:38:40 [DEBUG] Saved 11932 tickers to scanner_v2\logs\scanner_data.json
08:39:10 [DEBUG] Saved 11932 tickers to scanner_v2\logs\scanner_data.json
08:39:40 [DEBUG] Saved 11932 tickers to scanner_v2\logs\scanner_data.json
08:40:11 [DEBUG] Saved 11932 tickers to scanner_v2\logs\scanner_data.json
08:40:41 [DEBUG] Saved 11932 tickers to scanner_v2\logs\scanner_data.json
08:41:12 [DEBUG] Saved 11932 tickers to scanner_v2\logs\scanner_data.json
08:41:42 [DEBUG] Saved 11934 tickers to scanner_v2\logs\scanner_data.json
08:42:13 [DEBUG] Saved 11934 tickers to scanner_v2\logs\scanner_data.json
08:42:43 [DEBUG] Saved 11934 tickers to scanner_v2\logs\scanner_data.json
08:43:13 [DEBUG] Saved 11934 tickers to scanner_v2\logs\scanner_data.json
08:43:44 [DEBUG] Saved 11935 tickers to scanner_v2\logs\scanner_data.json
08:44:14 [DEBUG] Saved 11935 tickers to scanner_v2\logs\scanner_data.json
08:44:45 [DEBUG] Saved 11935 tickers to scanner_v2\logs\scanner_data.json
08:45:15 [DEBUG] Saved 11935 tickers to scanner_v2\logs\scanner_data.json
08:45:46 [DEBUG] Saved 11935 tickers to scanner_v2\logs\scanner_data.json
08:46:16 [DEBUG] Saved 11936 tickers to scanner_v2\logs\scanner_data.json
08:46:46 [DEBUG] Saved 11937 tickers to scanner_v2\logs\scanner_data.json
08:47:17 [DEBUG] Saved 11937 tickers to scanner_v2\logs\scanner_data.json
08:47:47 [DEBUG] Saved 11939 tickers to scanner_v2\logs\scanner_data.json
08:48:18 [DEBUG] Saved 11939 tickers to scanner_v2\logs\scanner_data.json
08:48:48 [DEBUG] Saved 11940 tickers to scanner_v2\logs\scanner_data.json
08:49:18 [DEBUG] Saved 11941 tickers to scanner_v2\logs\scanner_data.json
08:49:49 [DEBUG] Saved 11941 tickers to scanner_v2\logs\scanner_data.json
08:50:19 [DEBUG] Saved 11941 tickers to scanner_v2\logs\scanner_data.json
08:50:50 [DEBUG] Saved 11941 tickers to scanner_v2\logs\scanner_data.json
08:51:20 [DEBUG] Saved 11942 tickers to scanner_v2\logs\scanner_data.json
08:51:51 [DEBUG] Saved 11944 tickers to scanner_v2\logs\scanner_data.json
08:52:21 [DEBUG] Saved 11945 tickers to scanner_v2\logs\scanner_data.json
08:52:51 [DEBUG] Saved 11945 tickers to scanner_v2\logs\scanner_data.json
08:53:22 [DEBUG] Saved 11945 tickers to scanner_v2\logs\scanner_data.json
08:53:52 [DEBUG] Saved 11945 tickers to scanner_v2\logs\scanner_data.json
08:54:23 [DEBUG] Saved 11946 tickers to scanner_v2\logs\scanner_data.json
08:54:53 [DEBUG] Saved 11946 tickers to scanner_v2\logs\scanner_data.json
08:55:23 [DEBUG] Saved 11946 tickers to scanner_v2\logs\scanner_data.json
08:55:54 [DEBUG] Saved 11946 tickers to scanner_v2\logs\scanner_data.json
08:56:24 [DEBUG] Saved 11946 tickers to scanner_v2\logs\scanner_data.json
08:56:55 [DEBUG] Saved 11947 tickers to scanner_v2\logs\scanner_data.json
08:57:25 [DEBUG] Saved 11947 tickers to scanner_v2\logs\scanner_data.json
08:57:55 [DEBUG] Saved 11948 tickers to scanner_v2\logs\scanner_data.json
08:58:26 [DEBUG] Saved 11948 tickers to scanner_v2\logs\scanner_data.json
08:58:56 [DEBUG] Saved 11948 tickers to scanner_v2\logs\scanner_data.json
08:59:27 [DEBUG] Saved 11948 tickers to scanner_v2\logs\scanner_data.json
08:59:57 [DEBUG] Saved 11948 tickers to scanner_v2\logs\scanner_data.json
09:00:27 [DEBUG] Saved 11948 tickers to scanner_v2\logs\scanner_data.json
09:00:58 [DEBUG] Saved 11948 tickers to scanner_v2\logs\scanner_data.json
09:01:28 [DEBUG] Saved 11948 tickers to scanner_v2\logs\scanner_data.json
09:01:59 [DEBUG] Saved 11948 tickers to scanner_v2\logs\scanner_data.json
09:02:29 [DEBUG] Saved 11949 tickers to scanner_v2\logs\scanner_data.json
09:03:00 [DEBUG] Saved 11949 tickers to scanner_v2\logs\scanner_data.json
09:03:30 [DEBUG] Saved 11950 tickers to scanner_v2\logs\scanner_data.json
09:04:00 [DEBUG] Saved 11950 tickers to scanner_v2\logs\scanner_data.json
09:04:31 [DEBUG] Saved 11950 tickers to scanner_v2\logs\scanner_data.json
09:05:01 [DEBUG] Saved 11950 tickers to scanner_v2\logs\scanner_data.json
09:05:32 [DEBUG] Saved 11951 tickers to scanner_v2\logs\scanner_data.json
09:06:02 [DEBUG] Saved 11956 tickers to scanner_v2\logs\scanner_data.json
09:06:32 [DEBUG] Saved 11956 tickers to scanner_v2\logs\scanner_data.json
09:07:03 [DEBUG] Saved 11956 tickers to scanner_v2\logs\scanner_data.json
09:07:33 [DEBUG] Saved 11957 tickers to scanner_v2\logs\scanner_data.json
09:08:04 [DEBUG] Saved 11957 tickers to scanner_v2\logs\scanner_data.json
09:08:34 [DEBUG] Saved 11958 tickers to scanner_v2\logs\scanner_data.json
09:09:04 [DEBUG] Saved 11958 tickers to scanner_v2\logs\scanner_data.json
09:09:35 [DEBUG] Saved 11958 tickers to scanner_v2\logs\scanner_data.json
09:10:05 [DEBUG] Saved 11958 tickers to scanner_v2\logs\scanner_data.json
09:10:36 [DEBUG] Saved 11959 tickers to scanner_v2\logs\scanner_data.json
09:11:06 [DEBUG] Saved 11960 tickers to scanner_v2\logs\scanner_data.json
09:11:37 [DEBUG] Saved 11961 tickers to scanner_v2\logs\scanner_data.json
09:12:07 [DEBUG] Saved 11961 tickers to scanner_v2\logs\scanner_data.json
09:12:37 [DEBUG] Saved 11961 tickers to scanner_v2\logs\scanner_data.json
09:13:08 [DEBUG] Saved 11961 tickers to scanner_v2\logs\scanner_data.json
09:13:38 [DEBUG] Saved 11961 tickers to scanner_v2\logs\scanner_data.json
09:14:09 [DEBUG] Saved 11963 tickers to scanner_v2\logs\scanner_data.json
09:14:39 [DEBUG] Saved 11963 tickers to scanner_v2\logs\scanner_data.json
09:15:10 [DEBUG] Saved 11963 tickers to scanner_v2\logs\scanner_data.json
09:15:40 [DEBUG] Saved 11963 tickers to scanner_v2\logs\scanner_data.json
09:16:10 [DEBUG] Saved 11964 tickers to scanner_v2\logs\scanner_data.json
09:16:41 [DEBUG] Saved 11964 tickers to scanner_v2\logs\scanner_data.json
09:17:11 [DEBUG] Saved 11965 tickers to scanner_v2\logs\scanner_data.json
09:17:42 [DEBUG] Saved 11965 tickers to scanner_v2\logs\scanner_data.json
09:18:12 [DEBUG] Saved 11965 tickers to scanner_v2\logs\scanner_data.json
09:18:42 [DEBUG] Saved 11965 tickers to scanner_v2\logs\scanner_data.json
09:19:13 [DEBUG] Saved 11965 tickers to scanner_v2\logs\scanner_data.json
09:19:43 [DEBUG] Saved 11972 tickers to scanner_v2\logs\scanner_data.json
09:20:14 [DEBUG] Saved 11977 tickers to scanner_v2\logs\scanner_data.json
09:20:44 [DEBUG] Saved 11977 tickers to scanner_v2\logs\scanner_data.json
09:21:15 [DEBUG] Saved 11978 tickers to scanner_v2\logs\scanner_data.json
09:21:45 [DEBUG] Saved 11978 tickers to scanner_v2\logs\scanner_data.json
09:22:16 [DEBUG] Saved 11978 tickers to scanner_v2\logs\scanner_data.json
09:22:46 [DEBUG] Saved 11980 tickers to scanner_v2\logs\scanner_data.json
09:23:16 [DEBUG] Saved 11981 tickers to scanner_v2\logs\scanner_data.json
09:23:47 [DEBUG] Saved 11983 tickers to scanner_v2\logs\scanner_data.json
09:24:17 [DEBUG] Saved 11985 tickers to scanner_v2\logs\scanner_data.json
09:24:48 [DEBUG] Saved 11985 tickers to scanner_v2\logs\scanner_data.json
09:25:18 [DEBUG] Saved 11990 tickers to scanner_v2\logs\scanner_data.json
09:25:49 [DEBUG] Saved 11991 tickers to scanner_v2\logs\scanner_data.json
09:26:19 [DEBUG] Saved 11993 tickers to scanner_v2\logs\scanner_data.json
09:26:50 [DEBUG] Saved 11997 tickers to scanner_v2\logs\scanner_data.json
09:27:20 [DEBUG] Saved 11999 tickers to scanner_v2\logs\scanner_data.json
09:27:50 [DEBUG] Saved 12003 tickers to scanner_v2\logs\scanner_data.json
09:28:21 [DEBUG] Saved 12005 tickers to scanner_v2\logs\scanner_data.json
09:28:51 [DEBUG] Saved 12006 tickers to scanner_v2\logs\scanner_data.json
09:29:22 [DEBUG] Saved 12007 tickers to scanner_v2\logs\scanner_data.json
09:29:52 [DEBUG] Saved 12014 tickers to scanner_v2\logs\scanner_data.json
09:30:05 [INFO] [Gapper] Ticker: GFAI | PM Gap %: +46.11% | PM High: $0.63 | Volume: 35.43M
09:30:05 [INFO] [Gapper] Ticker: HCWC | PM Gap %: +45.47% | PM High: $0.39 | Volume: 13.27M
09:30:05 [INFO] [Gapper] Ticker: AIOS | PM Gap %: +68.51% | PM High: $0.76 | Volume: 38.16M
09:30:06 [INFO] [Gapper] Ticker: OPENW | PM Gap %: +43.79% | PM High: $1.10 | Volume: 0.09M
09:30:06 [INFO] [Gapper] Ticker: OPEG | PM Gap %: +40.52% | PM High: $8.00 | Volume: 0.03M
09:30:06 [INFO] [Gapper] Ticker: ISPC | PM Gap %: +30.74% | PM High: $0.37 | Volume: 5.97M
09:30:07 [INFO] [Gapper] Ticker: IVF | PM Gap %: +39.85% | PM High: $1.34 | Volume: 8.03M
09:30:07 [INFO] [Gapper] Ticker: MGRX | PM Gap %: +83.24% | PM High: $0.65 | Volume: 133.90M
09:30:07 [INFO] [Gapper] Ticker: TWAV | PM Gap %: +36.80% | PM High: $0.92 | Volume: 0.73M
09:30:07 [INFO] [Gapper] Ticker: CDT | PM Gap %: +40.81% | PM High: $1.31 | Volume: 6.60M
09:30:08 [INFO] [Gapper] Ticker: OPENZ | PM Gap %: +55.82% | PM High: $0.64 | Volume: 0.06M
09:30:08 [INFO] [Gapper] Ticker: ANPA | PM Gap %: +107.51% | PM High: $23.22 | Volume: 0.87M
09:30:09 [INFO] [Gapper] Ticker: OPEX | PM Gap %: +39.72% | PM High: $10.90 | Volume: 0.29M
09:30:09 [INFO] [Gapper] Ticker: OPENL | PM Gap %: +34.20% | PM High: $0.62 | Volume: 0.04M
09:30:09 [INFO] [Gapper] Ticker: CDIO | PM Gap %: +46.87% | PM High: $3.29 | Volume: 20.87M
09:30:15 [INFO] [Gapper] Ticker: MLECW | PM Gap %: +82.48% | PM High: $0.05 | Volume: 0.87M
09:30:15 [INFO] [Gapper] Ticker: EDHL | PM Gap %: +66.86% | PM High: $5.64 | Volume: 1.24M
09:30:15 [INFO] [Gapper] Ticker: CDIOW | PM Gap %: +35.85% | PM High: $0.03 | Volume: 0.06M
09:30:16 [INFO] [Intraday Runner] Ticker: ZYXIQ | Open %: +33.33% | Last: $0.04 | Volume: 0.05M
09:30:16 [INFO] [Intraday Runner] Ticker: LEVGQ | Open %: +416.13% | Last: $0.02 | Volume: 0.00M
09:30:23 [DEBUG] Saved 13014 tickers to scanner_v2\logs\scanner_data.json
09:30:38 [ERROR] WebSocket error: received 1008 (policy violation); then sent 1008 (policy violation)
09:30:38 [INFO] Shutting down — saving data...
09:30:38 [DEBUG] Saved 13122 tickers to scanner_v2\logs\scanner_data.json
09:30:38 [INFO] Done.
